<?xml version="1.0" encoding="UTF-8"?>
<!-- Generated by org.testng.reporters.JUnitReportReporter -->
<testsuite hostname="LAPTOP-4P1BGSFF" failures="0" tests="1" name="testclass.BaseTest" time="7.386" errors="0" timestamp="28 Apr 2024 07:03:45 GMT" skipped="0">
  <testcase classname="testclass.BaseTest" name="initializeBrowser" time="7.386"/>
</testsuite> <!-- testclass.BaseTest -->
