<?xml version="1.0" encoding="UTF-8"?>
<!-- Generated by org.testng.reporters.JUnitReportReporter -->
<testsuite hostname="LAPTOP-4P1BGSFF" failures="0" tests="1" name="testclass.Base_Test" time="41.935" errors="0" timestamp="28 Apr 2024 05:00:48 GMT" skipped="0">
  <testcase classname="testclass.Base_Test" name="initializeBrowser" time="41.935"/>
</testsuite> <!-- testclass.Base_Test -->
