<?xml version="1.0" encoding="UTF-8"?>
<!-- Generated by org.testng.reporters.JUnitReportReporter -->
<testsuite hostname="LAPTOP-4P1BGSFF" failures="0" tests="1" name="testrunner.run" time="6.573" errors="0" timestamp="2024-05-06T13:37:42 IST" skipped="0">
  <testcase classname="testrunner.run" name="runScenario" time="6.573"/>
  <system-out/>
</testsuite> <!-- testrunner.run -->
