<?xml version="1.0" encoding="UTF-8"?>
<!-- Generated by org.testng.reporters.JUnitReportReporter -->
<testsuite hostname="LAPTOP-T6IIKU0O" failures="0" tests="1" name="testrunner.SmartSenseRunner" time="47.508" errors="0" timestamp="2024-06-14T09:16:28 IST" skipped="0">
  <testcase classname="testrunner.SmartSenseRunner" name="runScenario" time="47.508"/>
  <system-out/>
</testsuite> <!-- testrunner.SmartSenseRunner -->
