<?xml version="1.0" encoding="UTF-8"?>
<!-- Generated by org.testng.reporters.JUnitReportReporter -->
<testsuite hostname="LAPTOP-4P1BGSFF" failures="0" tests="2" name="testclass.SmartSenseLoginTest" time="4.157" errors="0" timestamp="30 Apr 2024 07:57:45 GMT" skipped="0">
  <testcase classname="testclass.SmartSenseLoginTest" name="loginToSmartSenseApp" time="4.047"/>
  <testcase classname="testclass.SmartSenseLoginTest" name="verifyUrl" time="0.110"/>
</testsuite> <!-- testclass.SmartSenseLoginTest -->
